<?xml version="1.0" encoding="UTF-8"?>
<testng-results ignored="0" total="2" passed="2" failed="0" skipped="0">
  <reporter-output>
  </reporter-output>
  <suite started-at="2025-01-09T16:02:29 IST" name="Default suite" finished-at="2025-01-09T16:02:56 IST" duration-ms="27617">
    <groups>
      <group name="cucumber">
        <method signature="AbstractTestNGCucumberTests.runScenario(io.cucumber.testng.PickleWrapper,io.cucumber.testng.FeatureWrapper)[pri:0, instance:cucumberOptions.TestNGTestRunner@33ecda92]" name="runScenario" class="io.cucumber.testng.AbstractTestNGCucumberTests"/>
      </group> <!-- cucumber -->
    </groups>
    <test started-at="2025-01-09T16:02:29 IST" name="Default test" finished-at="2025-01-09T16:02:56 IST" duration-ms="27617">
      <class name="cucumberOptions.TestNGTestRunner">
        <test-method is-config="true" signature="setUpClass(org.testng.ITestContext)[pri:0, instance:cucumberOptions.TestNGTestRunner@33ecda92]" started-at="2025-01-09T16:02:29 IST" name="setUpClass" finished-at="2025-01-09T16:02:30 IST" duration-ms="966" status="PASS">
          <params>
            <param index="0">
              <value>
                <![CDATA[org.testng.TestRunner@33d7765a]]>
              </value>
            </param>
          </params>
          <reporter-output>
          </reporter-output>
        </test-method> <!-- setUpClass -->
        <test-method signature="runScenario(io.cucumber.testng.PickleWrapper,io.cucumber.testng.FeatureWrapper)[pri:0, instance:cucumberOptions.TestNGTestRunner@33ecda92]" started-at="2025-01-09T16:02:30 IST" name="runScenario" description="Runs Cucumber Scenarios" data-provider="scenarios" finished-at="2025-01-09T16:02:42 IST" duration-ms="12579" status="PASS">
          <params>
            <param index="0">
              <value>
                <![CDATA["Student will enter will login and enroll the course"]]>
              </value>
            </param>
            <param index="1">
              <value>
                <![CDATA["Student will Enter the credentials and login to the application."]]>
              </value>
            </param>
          </params>
          <reporter-output>
          </reporter-output>
        </test-method> <!-- runScenario -->
        <test-method signature="runScenario(io.cucumber.testng.PickleWrapper,io.cucumber.testng.FeatureWrapper)[pri:0, instance:cucumberOptions.TestNGTestRunner@33ecda92]" started-at="2025-01-09T16:02:42 IST" name="runScenario" description="Runs Cucumber Scenarios" data-provider="scenarios" finished-at="2025-01-09T16:02:55 IST" duration-ms="12856" status="PASS">
          <params>
            <param index="0">
              <value>
                <![CDATA["Student will enter will login and enroll the course"]]>
              </value>
            </param>
            <param index="1">
              <value>
                <![CDATA["Student will Enter the credentials and login to the application."]]>
              </value>
            </param>
          </params>
          <reporter-output>
          </reporter-output>
        </test-method> <!-- runScenario -->
        <test-method is-config="true" signature="tearDownClass()[pri:0, instance:cucumberOptions.TestNGTestRunner@33ecda92]" started-at="2025-01-09T16:02:55 IST" name="tearDownClass" finished-at="2025-01-09T16:02:56 IST" duration-ms="1135" status="PASS">
          <reporter-output>
          </reporter-output>
        </test-method> <!-- tearDownClass -->
      </class> <!-- cucumberOptions.TestNGTestRunner -->
    </test> <!-- Default test -->
  </suite> <!-- Default suite -->
</testng-results>
