<?xml version="1.0" encoding="UTF-8"?>
<testng-results ignored="0" total="7" passed="7" failed="0" skipped="0">
  <reporter-output>
  </reporter-output>
  <suite started-at="2024-11-27T13:04:59 IST" name="Default suite" finished-at="2024-11-27T13:05:42 IST" duration-ms="43236">
    <groups>
      <group name="cucumber">
        <method signature="AbstractTestNGCucumberTests.runScenario(io.cucumber.testng.PickleWrapper,io.cucumber.testng.FeatureWrapper)[pri:0, instance:cucumberOptions.TestNGTestRunner@33ecda92]" name="runScenario" class="io.cucumber.testng.AbstractTestNGCucumberTests"/>
      </group> <!-- cucumber -->
    </groups>
    <test started-at="2024-11-27T13:04:59 IST" name="Default test" finished-at="2024-11-27T13:05:42 IST" duration-ms="43236">
      <class name="cucumberOptions.TestNGTestRunner">
        <test-method is-config="true" signature="setUpClass(org.testng.ITestContext)[pri:0, instance:cucumberOptions.TestNGTestRunner@33ecda92]" started-at="2024-11-27T13:04:59 IST" name="setUpClass" finished-at="2024-11-27T13:04:59 IST" duration-ms="676" status="PASS">
          <params>
            <param index="0">
              <value>
                <![CDATA[org.testng.TestRunner@2cbe455c]]>
              </value>
            </param>
          </params>
          <reporter-output>
          </reporter-output>
        </test-method> <!-- setUpClass -->
        <test-method signature="runScenario(io.cucumber.testng.PickleWrapper,io.cucumber.testng.FeatureWrapper)[pri:0, instance:cucumberOptions.TestNGTestRunner@33ecda92]" started-at="2024-11-27T13:04:59 IST" name="runScenario" description="Runs Cucumber Scenarios" data-provider="scenarios" finished-at="2024-11-27T13:05:09 IST" duration-ms="9479" status="PASS">
          <params>
            <param index="0">
              <value>
                <![CDATA["Student will enter credentials   Login"]]>
              </value>
            </param>
            <param index="1">
              <value>
                <![CDATA["Student will Enter the credentials and login to the application."]]>
              </value>
            </param>
          </params>
          <reporter-output>
          </reporter-output>
        </test-method> <!-- runScenario -->
        <test-method signature="runScenario(io.cucumber.testng.PickleWrapper,io.cucumber.testng.FeatureWrapper)[pri:0, instance:cucumberOptions.TestNGTestRunner@33ecda92]" started-at="2024-11-27T13:05:09 IST" name="runScenario" description="Runs Cucumber Scenarios" data-provider="scenarios" finished-at="2024-11-27T13:05:18 IST" duration-ms="9574" status="PASS">
          <params>
            <param index="0">
              <value>
                <![CDATA["Student will enter credentials   Login"]]>
              </value>
            </param>
            <param index="1">
              <value>
                <![CDATA["Student will Enter the credentials and login to the application."]]>
              </value>
            </param>
          </params>
          <reporter-output>
          </reporter-output>
        </test-method> <!-- runScenario -->
        <test-method signature="runScenario(io.cucumber.testng.PickleWrapper,io.cucumber.testng.FeatureWrapper)[pri:0, instance:cucumberOptions.TestNGTestRunner@33ecda92]" started-at="2024-11-27T13:05:18 IST" name="runScenario" description="Runs Cucumber Scenarios" data-provider="scenarios" finished-at="2024-11-27T13:05:24 IST" duration-ms="6058" status="PASS">
          <params>
            <param index="0">
              <value>
                <![CDATA["Student will enter credentials   Login"]]>
              </value>
            </param>
            <param index="1">
              <value>
                <![CDATA["Student will Enter the credentials and login to the application."]]>
              </value>
            </param>
          </params>
          <reporter-output>
          </reporter-output>
        </test-method> <!-- runScenario -->
        <test-method signature="runScenario(io.cucumber.testng.PickleWrapper,io.cucumber.testng.FeatureWrapper)[pri:0, instance:cucumberOptions.TestNGTestRunner@33ecda92]" started-at="2024-11-27T13:05:24 IST" name="runScenario" description="Runs Cucumber Scenarios" data-provider="scenarios" finished-at="2024-11-27T13:05:28 IST" duration-ms="3936" status="PASS">
          <params>
            <param index="0">
              <value>
                <![CDATA["Student will enter credentials   Login"]]>
              </value>
            </param>
            <param index="1">
              <value>
                <![CDATA["Student will Enter the credentials and login to the application."]]>
              </value>
            </param>
          </params>
          <reporter-output>
          </reporter-output>
        </test-method> <!-- runScenario -->
        <test-method signature="runScenario(io.cucumber.testng.PickleWrapper,io.cucumber.testng.FeatureWrapper)[pri:0, instance:cucumberOptions.TestNGTestRunner@33ecda92]" started-at="2024-11-27T13:05:28 IST" name="runScenario" description="Runs Cucumber Scenarios" data-provider="scenarios" finished-at="2024-11-27T13:05:33 IST" duration-ms="4745" status="PASS">
          <params>
            <param index="0">
              <value>
                <![CDATA["Student will enter credentials   Login"]]>
              </value>
            </param>
            <param index="1">
              <value>
                <![CDATA["Student will Enter the credentials and login to the application."]]>
              </value>
            </param>
          </params>
          <reporter-output>
          </reporter-output>
        </test-method> <!-- runScenario -->
        <test-method signature="runScenario(io.cucumber.testng.PickleWrapper,io.cucumber.testng.FeatureWrapper)[pri:0, instance:cucumberOptions.TestNGTestRunner@33ecda92]" started-at="2024-11-27T13:05:33 IST" name="runScenario" description="Runs Cucumber Scenarios" data-provider="scenarios" finished-at="2024-11-27T13:05:38 IST" duration-ms="5284" status="PASS">
          <params>
            <param index="0">
              <value>
                <![CDATA["Student will enter credentials   Login"]]>
              </value>
            </param>
            <param index="1">
              <value>
                <![CDATA["Student will Enter the credentials and login to the application."]]>
              </value>
            </param>
          </params>
          <reporter-output>
          </reporter-output>
        </test-method> <!-- runScenario -->
        <test-method signature="runScenario(io.cucumber.testng.PickleWrapper,io.cucumber.testng.FeatureWrapper)[pri:0, instance:cucumberOptions.TestNGTestRunner@33ecda92]" started-at="2024-11-27T13:05:38 IST" name="runScenario" description="Runs Cucumber Scenarios" data-provider="scenarios" finished-at="2024-11-27T13:05:42 IST" duration-ms="3142" status="PASS">
          <params>
            <param index="0">
              <value>
                <![CDATA["Student will enter credentials   Login"]]>
              </value>
            </param>
            <param index="1">
              <value>
                <![CDATA["Student will Enter the credentials and login to the application."]]>
              </value>
            </param>
          </params>
          <reporter-output>
          </reporter-output>
        </test-method> <!-- runScenario -->
        <test-method is-config="true" signature="tearDownClass()[pri:0, instance:cucumberOptions.TestNGTestRunner@33ecda92]" started-at="2024-11-27T13:05:42 IST" name="tearDownClass" finished-at="2024-11-27T13:05:42 IST" duration-ms="288" status="PASS">
          <reporter-output>
          </reporter-output>
        </test-method> <!-- tearDownClass -->
      </class> <!-- cucumberOptions.TestNGTestRunner -->
    </test> <!-- Default test -->
  </suite> <!-- Default suite -->
</testng-results>
